<?xml version="1.0" encoding="UTF-8" ?>
<testsuite tests="21" failures="0" name="_RunTest" time="73.244" errors="0" skipped="0">
  <properties>
    <property name="java.runtime.name" value="Java(TM) SE Runtime Environment"/>
    <property name="sun.boot.library.path" value="C:\i2s-devenv\apps\jdk1.8.0_66\jre\bin"/>
    <property name="java.vm.version" value="25.66-b17"/>
    <property name="user.country.format" value="PT"/>
    <property name="java.vm.vendor" value="Oracle Corporation"/>
    <property name="java.vendor.url" value="http://java.oracle.com/"/>
    <property name="path.separator" value=";"/>
    <property name="guice.disable.misplaced.annotation.check" value="true"/>
    <property name="java.vm.name" value="Java HotSpot(TM) 64-Bit Server VM"/>
    <property name="file.encoding.pkg" value="sun.io"/>
    <property name="user.script" value=""/>
    <property name="user.country" value="US"/>
    <property name="sun.java.launcher" value="SUN_STANDARD"/>
    <property name="sun.os.patch.level" value=""/>
    <property name="java.vm.specification.name" value="Java Virtual Machine Specification"/>
    <property name="user.dir" value="E:\Hostelworld\Q3"/>
    <property name="java.runtime.version" value="1.8.0_66-b17"/>
    <property name="java.awt.graphicsenv" value="sun.awt.Win32GraphicsEnvironment"/>
    <property name="java.endorsed.dirs" value="C:\i2s-devenv\apps\jdk1.8.0_66\jre\lib\endorsed"/>
    <property name="os.arch" value="amd64"/>
    <property name="java.io.tmpdir" value="C:\Users\i2saga\AppData\Local\Temp\"/>
    <property name="line.separator" value="
"/>
    <property name="java.vm.specification.vendor" value="Oracle Corporation"/>
    <property name="user.variant" value=""/>
    <property name="os.name" value="Windows 10"/>
    <property name="classworlds.conf" value="C:\i2s-devenv\apps\maven-3.0.5\bin\m2.conf"/>
    <property name="sun.jnu.encoding" value="Cp1252"/>
    <property name="java.library.path" value="C:\i2s-devenv\apps\jdk1.8.0_66\bin;C:\windows\Sun\Java\bin;C:\windows\system32;C:\windows;C:\i2s-devenv\bin;C:\i2s-devenv\apps\jdk1.8.0_66\bin;C:\i2s-devenv\apps\git-1.8.1\bin;C:\i2s-devenv\apps\maven-3.0.5\bin;C:\i2s-devenv\apps\ant-1.9.1\bin;C:\windows\system32;C:\windows;C:\windows\System32\Wbem;."/>
    <property name="java.specification.name" value="Java Platform API Specification"/>
    <property name="java.class.version" value="52.0"/>
    <property name="sun.management.compiler" value="HotSpot 64-Bit Tiered Compilers"/>
    <property name="os.version" value="10.0"/>
    <property name="user.home" value="C:\Users\i2saga"/>
    <property name="user.timezone" value="Europe/London"/>
    <property name="java.awt.printerjob" value="sun.awt.windows.WPrinterJob"/>
    <property name="java.specification.version" value="1.8"/>
    <property name="file.encoding" value="Cp1252"/>
    <property name="user.name" value="i2saga"/>
    <property name="java.class.path" value="C:\i2s-devenv\apps\maven-3.0.5\boot\plexus-classworlds-2.4.jar"/>
    <property name="java.vm.specification.version" value="1.8"/>
    <property name="sun.arch.data.model" value="64"/>
    <property name="java.home" value="C:\i2s-devenv\apps\jdk1.8.0_66\jre"/>
    <property name="sun.java.command" value="org.codehaus.plexus.classworlds.launcher.Launcher clean install"/>
    <property name="java.specification.vendor" value="Oracle Corporation"/>
    <property name="user.language" value="en"/>
    <property name="user.language.format" value="pt"/>
    <property name="awt.toolkit" value="sun.awt.windows.WToolkit"/>
    <property name="java.vm.info" value="mixed mode"/>
    <property name="java.version" value="1.8.0_66"/>
    <property name="java.ext.dirs" value="C:\i2s-devenv\apps\jdk1.8.0_66\jre\lib\ext;C:\windows\Sun\Java\lib\ext"/>
    <property name="sun.boot.class.path" value="C:\i2s-devenv\apps\jdk1.8.0_66\jre\lib\resources.jar;C:\i2s-devenv\apps\jdk1.8.0_66\jre\lib\rt.jar;C:\i2s-devenv\apps\jdk1.8.0_66\jre\lib\sunrsasign.jar;C:\i2s-devenv\apps\jdk1.8.0_66\jre\lib\jsse.jar;C:\i2s-devenv\apps\jdk1.8.0_66\jre\lib\jce.jar;C:\i2s-devenv\apps\jdk1.8.0_66\jre\lib\charsets.jar;C:\i2s-devenv\apps\jdk1.8.0_66\jre\lib\jfr.jar;C:\i2s-devenv\apps\jdk1.8.0_66\jre\classes"/>
    <property name="sun.stderr.encoding" value="cp850"/>
    <property name="java.vendor" value="Oracle Corporation"/>
    <property name="maven.home" value="C:\i2s-devenv\apps\maven-3.0.5"/>
    <property name="file.separator" value="\"/>
    <property name="java.vendor.url.bug" value="http://bugreport.sun.com/bugreport/"/>
    <property name="sun.cpu.endian" value="little"/>
    <property name="sun.io.unicode.encoding" value="UnicodeLittle"/>
    <property name="sun.stdout.encoding" value="cp850"/>
    <property name="sun.desktop" value="windows"/>
    <property name="sun.cpu.isalist" value="amd64"/>
  </properties>
  <testcase classname="| 1 | 0 | 0 | Dublin\u002C Ireland |" name="Given access to link \&quot;http:\/\/www.hostelworld.com\&quot;" time="0"/>
  <testcase classname="| 1 | 0 | 0 | Dublin\u002C Ireland |" name="When resolution is \&quot;0\&quot; \&quot;0\&quot;" time="0"/>
  <testcase classname="| 1 | 0 | 0 | Dublin\u002C Ireland |" name="And insert word to find \&quot;Dublin\u002C Ireland\&quot;" time="0"/>
  <testcase classname="| 1 | 0 | 0 | Dublin\u002C Ireland |" name="And click menu SotByName" time="0"/>
  <testcase classname="| 1 | 0 | 0 | Dublin\u002C Ireland |" name="And validate the asort name result" time="0"/>
  <testcase classname="| 1 | 0 | 0 | Dublin\u002C Ireland |" name="Then Close and Quit" time="0.001"/>
  <testcase classname="| 1 | 0 | 0 | Dublin\u002C Ireland |" name="| 1 | 0 | 0 | Dublin\u002C Ireland |" time="0.002"/>
  <testcase classname="| 2 | 412 | 732 | Dublin\u002C Ireland |" name="Given access to link \&quot;http:\/\/www.hostelworld.com\&quot;" time="0"/>
  <testcase classname="| 2 | 412 | 732 | Dublin\u002C Ireland |" name="When resolution is \&quot;412\&quot; \&quot;732\&quot;" time="0"/>
  <testcase classname="| 2 | 412 | 732 | Dublin\u002C Ireland |" name="And insert word to find \&quot;Dublin\u002C Ireland\&quot;" time="0"/>
  <testcase classname="| 2 | 412 | 732 | Dublin\u002C Ireland |" name="And click menu SotByName" time="0"/>
  <testcase classname="| 2 | 412 | 732 | Dublin\u002C Ireland |" name="And validate the asort name result" time="0"/>
  <testcase classname="| 2 | 412 | 732 | Dublin\u002C Ireland |" name="Then Close and Quit" time="0"/>
  <testcase classname="| 2 | 412 | 732 | Dublin\u002C Ireland |" name="| 2 | 412 | 732 | Dublin\u002C Ireland |" time="0"/>
  <testcase classname="| 3 | 768 | 1024 | Dublin\u002C Ireland |" name="Given access to link \&quot;http:\/\/www.hostelworld.com\&quot;" time="0"/>
  <testcase classname="| 3 | 768 | 1024 | Dublin\u002C Ireland |" name="When resolution is \&quot;768\&quot; \&quot;1024\&quot;" time="0"/>
  <testcase classname="| 3 | 768 | 1024 | Dublin\u002C Ireland |" name="And insert word to find \&quot;Dublin\u002C Ireland\&quot;" time="0"/>
  <testcase classname="| 3 | 768 | 1024 | Dublin\u002C Ireland |" name="And click menu SotByName" time="0.001"/>
  <testcase classname="| 3 | 768 | 1024 | Dublin\u002C Ireland |" name="And validate the asort name result" time="0"/>
  <testcase classname="| 3 | 768 | 1024 | Dublin\u002C Ireland |" name="Then Close and Quit" time="0"/>
  <testcase classname="| 3 | 768 | 1024 | Dublin\u002C Ireland |" name="| 3 | 768 | 1024 | Dublin\u002C Ireland |" time="0.001"/>
</testsuite>